mode: set
lets-go-chat/internal/services/CacheService.go:6.33,8.2 1 1
lets-go-chat/internal/services/CacheService.go:10.38,11.38 1 1
lets-go-chat/internal/services/CacheService.go:11.38,13.3 1 1
lets-go-chat/internal/services/CacheService.go:16.32,18.2 1 1
lets-go-chat/internal/services/TokenService.go:7.34,9.2 1 1
lets-go-chat/internal/services/TokenService.go:11.48,12.39 1 1
lets-go-chat/internal/services/TokenService.go:17.2,17.44 1 1
lets-go-chat/internal/services/TokenService.go:12.39,15.3 2 1
lets-go-chat/pkg/hasher/hasher.go:11.52,12.23 1 1
lets-go-chat/pkg/hasher/hasher.go:15.2,18.18 4 1
lets-go-chat/pkg/hasher/hasher.go:12.23,14.3 1 1
lets-go-chat/pkg/hasher/hasher.go:22.52,24.16 2 1
lets-go-chat/pkg/hasher/hasher.go:27.2,27.29 1 1
lets-go-chat/pkg/hasher/hasher.go:24.16,26.3 1 0
lets-go-chat/internal/repositories/repRegistry.go:5.54,7.2 1 1
lets-go-chat/internal/repositories/repRegistry.go:9.41,11.2 1 1
lets-go-chat/internal/repositories/users.go:18.62,22.2 1 1
lets-go-chat/internal/repositories/users.go:28.75,32.16 3 1
lets-go-chat/internal/repositories/users.go:35.2,35.12 1 1
lets-go-chat/internal/repositories/users.go:32.16,34.3 1 0
lets-go-chat/internal/repositories/users.go:38.97,44.16 4 1
lets-go-chat/internal/repositories/users.go:48.2,48.20 1 1
lets-go-chat/internal/repositories/users.go:44.16,46.3 1 0
lets-go-chat/pkg/jwt/jwtTokenGenerator.go:11.38,13.2 1 0
lets-go-chat/pkg/jwt/jwtTokenGenerator.go:15.51,26.16 9 1
lets-go-chat/pkg/jwt/jwtTokenGenerator.go:30.2,30.25 1 1
lets-go-chat/pkg/jwt/jwtTokenGenerator.go:26.16,29.3 2 0
lets-go-chat/pkg/jwt/jwtTokenGenerator.go:33.53,35.97 2 1
lets-go-chat/pkg/jwt/jwtTokenGenerator.go:38.2,38.16 1 1
lets-go-chat/pkg/jwt/jwtTokenGenerator.go:42.2,43.31 2 1
lets-go-chat/pkg/jwt/jwtTokenGenerator.go:48.2,48.22 1 1
lets-go-chat/pkg/jwt/jwtTokenGenerator.go:35.97,37.3 1 1
lets-go-chat/pkg/jwt/jwtTokenGenerator.go:38.16,40.3 1 0
lets-go-chat/pkg/jwt/jwtTokenGenerator.go:43.31,44.24 1 1
lets-go-chat/pkg/jwt/jwtTokenGenerator.go:44.24,46.4 1 1
lets-go-chat/internal/handlers/ActiveUser.go:11.61,18.16 4 1
lets-go-chat/internal/handlers/ActiveUser.go:23.2,23.30 1 1
lets-go-chat/internal/handlers/ActiveUser.go:18.16,22.3 3 0
lets-go-chat/internal/handlers/Chat.go:16.67,18.16 2 1
lets-go-chat/internal/handlers/Chat.go:23.2,29.6 6 0
lets-go-chat/internal/handlers/Chat.go:43.2,44.40 2 0
lets-go-chat/internal/handlers/Chat.go:18.16,21.3 2 1
lets-go-chat/internal/handlers/Chat.go:29.6,31.17 2 0
lets-go-chat/internal/handlers/Chat.go:35.3,37.17 3 0
lets-go-chat/internal/handlers/Chat.go:31.17,33.9 2 0
lets-go-chat/internal/handlers/Chat.go:37.17,39.9 2 0
lets-go-chat/internal/handlers/CreateUser.go:17.75,21.16 4 1
lets-go-chat/internal/handlers/CreateUser.go:26.2,27.16 2 1
lets-go-chat/internal/handlers/CreateUser.go:32.2,32.35 1 1
lets-go-chat/internal/handlers/CreateUser.go:37.2,38.16 2 1
lets-go-chat/internal/handlers/CreateUser.go:21.16,25.3 3 0
lets-go-chat/internal/handlers/CreateUser.go:27.16,31.3 3 0
lets-go-chat/internal/handlers/CreateUser.go:32.35,35.3 2 0
lets-go-chat/internal/handlers/CreateUser.go:38.16,42.3 3 1
lets-go-chat/internal/handlers/CreateUser.go:42.8,55.17 4 1
lets-go-chat/internal/handlers/CreateUser.go:61.3,62.17 2 1
lets-go-chat/internal/handlers/CreateUser.go:68.3,68.36 1 1
lets-go-chat/internal/handlers/CreateUser.go:55.17,59.4 3 0
lets-go-chat/internal/handlers/CreateUser.go:62.17,66.4 3 0
lets-go-chat/internal/handlers/LoginUser.go:20.71,23.16 3 1
lets-go-chat/internal/handlers/LoginUser.go:29.2,30.38 2 1
lets-go-chat/internal/handlers/LoginUser.go:35.2,35.16 1 1
lets-go-chat/internal/handlers/LoginUser.go:40.2,41.15 2 1
lets-go-chat/internal/handlers/LoginUser.go:46.2,47.16 2 1
lets-go-chat/internal/handlers/LoginUser.go:53.2,61.16 6 1
lets-go-chat/internal/handlers/LoginUser.go:66.2,67.33 2 1
lets-go-chat/internal/handlers/LoginUser.go:23.16,27.3 3 0
lets-go-chat/internal/handlers/LoginUser.go:30.38,34.3 3 0
lets-go-chat/internal/handlers/LoginUser.go:35.16,39.3 3 0
lets-go-chat/internal/handlers/LoginUser.go:41.15,44.3 2 0
lets-go-chat/internal/handlers/LoginUser.go:47.16,51.3 3 0
lets-go-chat/internal/handlers/LoginUser.go:61.16,65.3 3 0
